{
  "RSpec": {
    "coverage": {
      "/Users/petetaylor/projects/tasker-systems/tasker-core/workers/ruby/lib/tasker_core.rb": {
        "lines": [
          null,
          null,
          1,
          1,
          1,
          1,
          1,
          1,
          1,
          1,
          1,
          1,
          1,
          1,
          null,
          null,
          null,
          null,
          null,
          null,
          null,
          null,
          null,
          null,
          null,
          null,
          null,
          null,
          null,
          null,
          null,
          null,
          null,
          null,
          null,
          null,
          null,
          null,
          null,
          null,
          null,
          null,
          null,
          null,
          null,
          null,
          null,
          null,
          null,
          null,
          null,
          null,
          null,
          null,
          null,
          null,
          null,
          null,
          null,
          null,
          null,
          null,
          null,
          null,
          null,
          null,
          null,
          null,
          null,
          null,
          null,
          null,
          null,
          null,
          null,
          null,
          null,
          null,
          null,
          null,
          null,
          null,
          null,
          null,
          null,
          null,
          null,
          null,
          null,
          null,
          null,
          null,
          null,
          null,
          null,
          null,
          null,
          null,
          null,
          null,
          null,
          null,
          null,
          null,
          null,
          null,
          1,
          null,
          null,
          null,
          1,
          null,
          1,
          null,
          0,
          null,
          null,
          null,
          null,
          null,
          null,
          null,
          null,
          null,
          null,
          null,
          null,
          null,
          null,
          null,
          null,
          null,
          null,
          1,
          1,
          1,
          1,
          1,
          1,
          1,
          1,
          1,
          1,
          1,
          1,
          1,
          1,
          1,
          1,
          1,
          1,
          1,
          null,
          1,
          1,
          null,
          null,
          null,
          null,
          1
        ],
        "branches": {}
      },
      "/Users/petetaylor/projects/tasker-systems/tasker-core/workers/ruby/lib/tasker_core/errors.rb": {
        "lines": [
          null,
          null,
          1,
          1
        ],
        "branches": {}
      },
      "/Users/petetaylor/projects/tasker-systems/tasker-core/workers/ruby/lib/tasker_core/errors/common.rb": {
        "lines": [
          null,
          null,
          1,
          1,
          null,
          1,
          null,
          null,
          1,
          null,
          null,
          null,
          1,
          null,
          null,
          1,
          null,
          null,
          1,
          null,
          null,
          null,
          null,
          null,
          null,
          null,
          null,
          null,
          null,
          null,
          null,
          null,
          null,
          null,
          null,
          null,
          null,
          null,
          null,
          null,
          null,
          null,
          1,
          null,
          1,
          null,
          null,
          1,
          null,
          null,
          null,
          null,
          1,
          7,
          7,
          7,
          null,
          null,
          null,
          1,
          1,
          null,
          null,
          null,
          null,
          null,
          null,
          null,
          null,
          null,
          null,
          null,
          null,
          null,
          null,
          null,
          null,
          null,
          null,
          null,
          null,
          null,
          null,
          null,
          null,
          null,
          null,
          null,
          null,
          null,
          1,
          null,
          1,
          null,
          null,
          1,
          null,
          null,
          null,
          null,
          1,
          28,
          28,
          28,
          null,
          null,
          null,
          1,
          1,
          null,
          null,
          null,
          null,
          null,
          null,
          null,
          null,
          null,
          null,
          null,
          null,
          null,
          null,
          null,
          null,
          null,
          null,
          null,
          null,
          1,
          null,
          1,
          null,
          null,
          1,
          null,
          null,
          null,
          null,
          1,
          5,
          5,
          5,
          null,
          null,
          null,
          1,
          1,
          null,
          null,
          null,
          null,
          null,
          null,
          null,
          null,
          null,
          null,
          null,
          null,
          null,
          null,
          null,
          null,
          null,
          null,
          null,
          null,
          null,
          1,
          null,
          1,
          null,
          null,
          1,
          null,
          null,
          null,
          null,
          1,
          5,
          5,
          5,
          null,
          null,
          null,
          1,
          1,
          null,
          null,
          null,
          null,
          null,
          null,
          null,
          null,
          null,
          null,
          null,
          1,
          null,
          1,
          null,
          null,
          null,
          null,
          null,
          1,
          6,
          6,
          null,
          null,
          null,
          1,
          1,
          null,
          null,
          null,
          null,
          null,
          1,
          null,
          1,
          null,
          null,
          null,
          null,
          null,
          1,
          6,
          6,
          null,
          null,
          null,
          1,
          1,
          null,
          null,
          null,
          null,
          null,
          1,
          null,
          1,
          null,
          null,
          1,
          null,
          null,
          null,
          null,
          1,
          5,
          5,
          5,
          null,
          null,
          null,
          1,
          1,
          null,
          null,
          null,
          null,
          null,
          null,
          null,
          null,
          null,
          null,
          null,
          null,
          null,
          null,
          null,
          null,
          null,
          null,
          null,
          null,
          null,
          null,
          1,
          null,
          1,
          null,
          null,
          1,
          null,
          null,
          null,
          null,
          1,
          5,
          5,
          5,
          null,
          null,
          null,
          1,
          1,
          null,
          null,
          null,
          null
        ],
        "branches": {}
      },
      "/Users/petetaylor/projects/tasker-systems/tasker-core/workers/ruby/lib/tasker_core/errors/error_classifier.rb": {
        "lines": [
          null,
          null,
          1,
          null,
          1,
          1,
          null,
          null,
          null,
          null,
          null,
          null,
          null,
          null,
          null,
          null,
          null,
          null,
          1,
          null,
          null,
          null,
          1,
          null,
          null,
          null,
          null,
          null,
          null,
          null,
          null,
          null,
          null,
          1,
          null,
          null,
          null,
          null,
          null,
          null,
          null,
          null,
          null,
          null,
          null,
          null,
          null,
          1,
          null,
          0,
          null,
          null,
          0,
          null,
          null,
          null,
          0,
          null,
          null,
          null,
          null
        ],
        "branches": {
          "[:if, 0, 50, 8, 50, 83]": {
            "[:then, 1, 50, 8, 50, 20]": 0,
            "[:else, 2, 50, 8, 50, 83]": 0
          },
          "[:if, 3, 53, 8, 53, 82]": {
            "[:then, 4, 53, 8, 53, 19]": 0,
            "[:else, 5, 53, 8, 53, 82]": 0
          }
        }
      },
      "/Users/petetaylor/projects/tasker-systems/tasker-core/workers/ruby/lib/tasker_core/logger.rb": {
        "lines": [
          null,
          null,
          1,
          1,
          null,
          1,
          null,
          null,
          null,
          null,
          null,
          null,
          null,
          null,
          null,
          null,
          null,
          null,
          null,
          null,
          null,
          null,
          null,
          null,
          null,
          null,
          null,
          null,
          null,
          null,
          null,
          null,
          null,
          null,
          null,
          null,
          null,
          null,
          null,
          null,
          null,
          null,
          null,
          null,
          null,
          null,
          null,
          null,
          null,
          null,
          null,
          null,
          null,
          null,
          null,
          null,
          null,
          null,
          null,
          null,
          null,
          null,
          null,
          null,
          null,
          null,
          null,
          null,
          null,
          null,
          null,
          null,
          null,
          null,
          null,
          null,
          null,
          null,
          null,
          null,
          null,
          null,
          null,
          null,
          null,
          null,
          null,
          null,
          null,
          null,
          null,
          null,
          null,
          null,
          null,
          null,
          null,
          null,
          null,
          null,
          null,
          null,
          null,
          null,
          null,
          null,
          null,
          null,
          null,
          null,
          null,
          null,
          null,
          null,
          null,
          null,
          null,
          null,
          null,
          1,
          1,
          null,
          null,
          1,
          1299,
          null,
          null,
          1,
          3,
          null,
          null,
          1,
          3,
          null,
          null,
          1,
          0,
          null,
          null,
          1,
          480,
          null,
          null,
          null,
          null,
          1,
          0,
          null,
          null,
          null,
          0,
          null,
          null,
          1,
          0,
          null,
          null,
          null,
          0,
          0,
          null,
          null,
          1,
          0,
          null,
          null,
          null,
          0,
          null,
          null,
          1,
          0,
          null,
          null,
          null,
          0,
          null,
          null,
          1,
          0,
          null,
          null,
          null,
          0,
          null,
          null,
          1,
          0,
          null,
          null,
          null,
          0,
          null,
          null,
          1,
          0,
          null,
          null,
          null,
          0,
          null,
          null,
          1,
          0,
          null,
          null,
          null,
          0,
          0,
          0,
          null,
          null,
          1,
          null,
          null,
          null,
          1,
          null,
          null,
          1,
          1785,
          null,
          null,
          1785,
          null,
          null,
          1785,
          null,
          1785,
          null,
          1785,
          null,
          null,
          null
        ],
        "branches": {
          "[:if, 0, 159, 6, 159, 49]": {
            "[:then, 1, 159, 6, 159, 36]": 0,
            "[:else, 2, 159, 6, 159, 49]": 0
          },
          "[:if, 3, 208, 6, 208, 49]": {
            "[:then, 4, 208, 6, 208, 36]": 0,
            "[:else, 5, 208, 6, 208, 49]": 0
          },
          "[:if, 6, 209, 6, 209, 42]": {
            "[:then, 7, 209, 6, 209, 34]": 0,
            "[:else, 8, 209, 6, 209, 42]": 0
          },
          "[:if, 9, 224, 6, 224, 98]": {
            "[:then, 10, 224, 6, 224, 63]": 0,
            "[:else, 11, 224, 6, 224, 98]": 1785
          },
          "[:if, 12, 227, 6, 227, 83]": {
            "[:then, 13, 227, 6, 227, 53]": 0,
            "[:else, 14, 227, 6, 227, 83]": 1785
          },
          "[:if, 15, 229, 6, 229, 83]": {
            "[:then, 16, 229, 6, 229, 53]": 0,
            "[:else, 17, 229, 6, 229, 83]": 1785
          }
        }
      },
      "/Users/petetaylor/projects/tasker-systems/tasker-core/workers/ruby/lib/tasker_core/tracing.rb": {
        "lines": [
          null,
          null,
          1,
          null,
          1,
          null,
          null,
          null,
          null,
          null,
          null,
          null,
          null,
          null,
          null,
          null,
          null,
          null,
          null,
          null,
          null,
          null,
          null,
          null,
          null,
          null,
          null,
          null,
          null,
          null,
          null,
          null,
          null,
          null,
          null,
          null,
          null,
          null,
          null,
          null,
          null,
          null,
          null,
          null,
          null,
          null,
          null,
          null,
          null,
          null,
          null,
          null,
          null,
          null,
          null,
          null,
          null,
          null,
          null,
          1,
          1,
          null,
          null,
          null,
          null,
          null,
          null,
          1,
          6,
          6,
          null,
          null,
          1,
          1,
          null,
          null,
          null,
          null,
          null,
          null,
          null,
          1,
          5018,
          5018,
          null,
          5005,
          0,
          null,
          null,
          null,
          null,
          null,
          null,
          null,
          1,
          1311,
          1311,
          null,
          1,
          1,
          null,
          null,
          null,
          null,
          null,
          null,
          null,
          1,
          482,
          482,
          null,
          1,
          1,
          null,
          null,
          null,
          null,
          null,
          null,
          null,
          1,
          2,
          2,
          null,
          1,
          1,
          null,
          null,
          null,
          null,
          null,
          null,
          null,
          1,
          6819,
          null,
          32,
          null,
          null,
          null,
          null,
          null,
          null,
          null,
          1,
          17,
          null,
          1,
          null,
          5,
          null,
          2,
          null,
          6,
          null,
          1,
          null,
          2,
          null,
          null,
          1,
          null,
          null,
          1,
          null,
          null
        ],
        "branches": {
          "[:if, 0, 135, 6, 135, 47]": {
            "[:then, 1, 135, 6, 135, 15]": 6804,
            "[:else, 2, 135, 6, 135, 47]": 15
          },
          "[:case, 3, 146, 6, 159, 9]": {
            "[:when, 4, 148, 8, 148, 13]": 1,
            "[:when, 5, 150, 8, 150, 13]": 5,
            "[:when, 6, 152, 8, 152, 18]": 2,
            "[:when, 7, 154, 8, 154, 18]": 6,
            "[:when, 8, 156, 8, 156, 42]": 1,
            "[:else, 9, 158, 8, 158, 18]": 2
          }
        }
      },
      "/Users/petetaylor/projects/tasker-systems/tasker-core/workers/ruby/lib/tasker_core/internal.rb": {
        "lines": [
          null,
          null,
          1,
          null,
          1,
          1,
          null,
          null,
          1,
          1,
          null,
          1,
          null,
          68,
          null,
          null,
          null,
          null,
          1,
          1,
          null,
          null,
          0,
          null,
          null,
          1,
          0,
          null,
          null,
          null,
          null
        ],
        "branches": {}
      },
      "/Users/petetaylor/projects/tasker-systems/tasker-core/workers/ruby/lib/tasker_core/template_discovery.rb": {
        "lines": [
          null,
          null,
          1,
          null,
          1,
          1,
          null,
          null,
          1,
          1,
          null,
          null,
          1,
          null,
          0,
          null,
          null,
          0,
          0,
          0,
          null,
          null,
          null,
          0,
          0,
          0,
          0,
          null,
          null,
          null,
          0,
          0,
          null,
          null,
          0,
          null,
          null,
          null,
          1,
          0,
          0,
          null,
          null,
          0,
          0,
          0,
          null,
          null,
          1,
          null,
          null,
          1,
          0,
          null,
          0,
          null,
          0,
          0,
          null,
          null,
          0,
          0,
          null,
          0,
          null,
          null,
          0,
          null,
          null,
          1,
          0,
          null,
          null,
          null,
          null,
          null,
          1,
          1,
          null,
          null,
          1,
          0,
          null,
          null,
          0,
          0,
          null,
          0,
          0,
          null,
          null,
          null,
          null,
          1,
          0,
          null,
          null,
          0,
          0,
          null,
          null,
          null,
          0,
          0,
          0,
          null,
          null,
          null,
          0,
          null,
          null,
          null,
          1,
          0,
          null,
          null,
          0,
          null,
          0,
          null,
          null,
          null,
          null,
          null,
          null,
          null,
          0,
          0,
          null,
          null,
          null,
          null,
          null,
          null,
          1,
          1,
          null,
          null,
          1,
          0,
          null,
          0,
          0,
          null,
          null,
          0,
          null,
          null,
          null,
          null,
          1,
          0,
          null,
          0,
          0,
          null,
          null,
          null,
          null,
          null,
          1,
          0,
          null,
          0,
          0,
          0,
          0,
          0,
          null,
          null,
          null,
          0,
          0,
          null,
          null,
          0,
          null,
          null,
          null,
          null,
          null
        ],
        "branches": {
          "[:if, 0, 15, 10, 15, 118]": {
            "[:then, 1, 15, 10, 15, 44]": 0,
            "[:else, 2, 15, 10, 15, 118]": 0
          },
          "[:if, 3, 18, 10, 21, 13]": {
            "[:then, 4, 19, 12, 20, 59]": 0,
            "[:else, 5, 18, 10, 21, 13]": 0
          },
          "[:if, 6, 20, 12, 20, 59]": {
            "[:then, 7, 20, 12, 20, 31]": 0,
            "[:else, 8, 20, 12, 20, 59]": 0
          },
          "[:if, 9, 25, 10, 28, 13]": {
            "[:then, 10, 26, 12, 27, 59]": 0,
            "[:else, 11, 25, 10, 28, 13]": 0
          },
          "[:if, 12, 27, 12, 27, 59]": {
            "[:then, 13, 27, 12, 27, 31]": 0,
            "[:else, 14, 27, 12, 27, 59]": 0
          },
          "[:if, 15, 32, 10, 32, 55]": {
            "[:then, 16, 32, 10, 32, 28]": 0,
            "[:else, 17, 32, 10, 32, 55]": 0
          },
          "[:unless, 18, 41, 10, 41, 39]": {
            "[:else, 19, 41, 10, 41, 39]": 0,
            "[:then, 20, 41, 10, 41, 19]": 0
          },
          "[:if, 21, 57, 12, 59, 15]": {
            "[:then, 22, 57, 12, 57, 30]": 0,
            "[:else, 23, 57, 12, 59, 15]": 0
          },
          "[:if, 24, 62, 12, 62, 46]": {
            "[:then, 25, 62, 12, 62, 17]": 0,
            "[:else, 26, 62, 12, 62, 46]": 0
          },
          "[:unless, 27, 82, 10, 82, 53]": {
            "[:else, 28, 82, 10, 82, 53]": 0,
            "[:then, 29, 82, 10, 82, 19]": 0
          },
          "[:if, 30, 98, 10, 100, 13]": {
            "[:then, 31, 99, 12, 99, 65]": 0,
            "[:else, 32, 98, 10, 100, 13]": 0
          },
          "[:if, 33, 103, 10, 107, 13]": {
            "[:then, 34, 104, 12, 106, 15]": 0,
            "[:else, 35, 103, 10, 107, 13]": 0
          },
          "[:if, 36, 105, 14, 105, 103]": {
            "[:then, 37, 105, 14, 105, 53]": 0,
            "[:else, 38, 105, 14, 105, 103]": 0
          },
          "[:unless, 39, 114, 10, 114, 54]": {
            "[:else, 40, 114, 10, 114, 54]": 0,
            "[:then, 41, 114, 10, 114, 20]": 0
          }
        }
      },
      "/Users/petetaylor/projects/tasker-systems/tasker-core/workers/ruby/lib/tasker_core/test_environment.rb": {
        "lines": [
          null,
          null,
          1,
          1,
          null,
          null,
          1,
          1,
          null,
          1,
          null,
          1,
          1,
          1,
          1,
          1,
          null,
          null,
          null,
          1,
          2,
          2,
          2,
          null,
          2,
          null,
          null,
          null,
          1,
          1,
          1,
          null,
          null,
          1,
          null,
          1,
          null,
          null,
          1,
          null,
          null,
          1,
          null,
          null,
          1,
          null,
          1,
          1,
          1,
          null,
          null,
          null,
          1,
          3,
          null,
          2,
          2,
          5190,
          476,
          150,
          null,
          null,
          null,
          0,
          null,
          2,
          null,
          null,
          null,
          1,
          2,
          null,
          2,
          2,
          6240,
          512,
          158,
          null,
          null,
          null,
          0,
          null,
          2,
          null,
          null,
          null,
          1,
          1,
          null,
          null,
          1,
          null,
          null,
          1,
          null,
          null,
          1,
          1,
          null,
          null,
          null,
          null,
          null,
          1,
          0,
          null,
          0,
          0,
          0,
          null,
          0,
          null,
          null,
          0,
          null,
          0,
          null,
          null,
          null,
          1,
          0,
          null,
          0,
          0,
          0,
          null,
          0,
          null,
          null,
          0,
          null,
          0,
          null,
          null,
          1,
          null,
          1,
          5,
          5,
          null,
          0,
          null,
          null,
          null,
          1,
          97,
          97,
          0,
          0,
          null,
          null,
          null,
          1,
          1,
          1,
          null,
          0,
          null,
          null,
          null,
          1,
          null,
          1,
          null,
          0,
          0,
          0,
          null,
          0,
          null,
          null,
          null,
          1,
          1,
          null,
          1,
          1,
          null,
          1,
          1,
          null,
          87,
          87,
          87,
          null,
          0,
          null,
          0,
          null,
          null,
          1,
          null,
          null,
          1,
          null,
          null,
          null,
          1,
          1,
          null,
          1,
          1,
          null,
          1,
          null,
          1,
          1,
          2,
          2,
          2,
          null,
          0,
          null,
          0,
          null,
          null,
          1,
          null,
          null,
          1,
          null,
          null,
          null,
          1,
          1,
          1,
          null,
          1,
          null,
          2595,
          null,
          5,
          null,
          5,
          5,
          5,
          null,
          0,
          null,
          null,
          1,
          null,
          null,
          1,
          null,
          1,
          1,
          0,
          1,
          0,
          null,
          1,
          1,
          null,
          null,
          null,
          1,
          0,
          0,
          null,
          null,
          null,
          1,
          1,
          1,
          null,
          0,
          null,
          null,
          null,
          null,
          null,
          1,
          1,
          null,
          null,
          null,
          1,
          4,
          null,
          null,
          null,
          1,
          1,
          null,
          1,
          null,
          null,
          null,
          null,
          1,
          1,
          null,
          0,
          null,
          null,
          null,
          null,
          1,
          2,
          null,
          null,
          null,
          1,
          0,
          null,
          null,
          null,
          1,
          0,
          null,
          null,
          null
        ],
        "branches": {
          "[:\"&.\", 0, 21, 19, 21, 46]": {
            "[:then, 1, 21, 19, 21, 46]": 2,
            "[:else, 2, 21, 19, 21, 46]": 0
          },
          "[:\"&.\", 3, 22, 25, 22, 51]": {
            "[:then, 4, 22, 25, 22, 51]": 0,
            "[:else, 5, 22, 25, 22, 51]": 2
          },
          "[:unless, 6, 30, 8, 30, 57]": {
            "[:else, 7, 30, 8, 30, 57]": 1,
            "[:then, 8, 30, 8, 30, 20]": 0
          },
          "[:if, 9, 31, 8, 31, 30]": {
            "[:then, 10, 31, 8, 31, 19]": 0,
            "[:else, 11, 31, 8, 31, 30]": 1
          },
          "[:unless, 12, 54, 8, 54, 31]": {
            "[:else, 13, 54, 8, 54, 31]": 2,
            "[:then, 14, 54, 8, 54, 16]": 1
          },
          "[:\"&.\", 15, 58, 13, 58, 45]": {
            "[:then, 16, 58, 13, 58, 45]": 3756,
            "[:else, 17, 58, 13, 58, 45]": 1434
          },
          "[:\"&.\", 18, 59, 47, 59, 85]": {
            "[:then, 19, 59, 47, 59, 85]": 476,
            "[:else, 20, 59, 47, 59, 85]": 0
          },
          "[:if, 21, 58, 10, 61, 13]": {
            "[:then, 22, 60, 12, 60, 22]": 150,
            "[:else, 23, 58, 10, 61, 13]": 5040
          },
          "[:unless, 24, 71, 8, 71, 32]": {
            "[:else, 25, 71, 8, 71, 32]": 2,
            "[:then, 26, 71, 8, 71, 17]": 0
          },
          "[:\"&.\", 27, 75, 13, 75, 45]": {
            "[:then, 28, 75, 13, 75, 45]": 4159,
            "[:else, 29, 75, 13, 75, 45]": 2081
          },
          "[:\"&.\", 30, 76, 47, 76, 85]": {
            "[:then, 31, 76, 47, 76, 85]": 512,
            "[:else, 32, 76, 47, 76, 85]": 0
          },
          "[:if, 33, 75, 10, 78, 13]": {
            "[:then, 34, 77, 12, 77, 31]": 158,
            "[:else, 35, 75, 10, 78, 13]": 6082
          },
          "[:unless, 36, 88, 8, 88, 32]": {
            "[:else, 37, 88, 8, 88, 32]": 1,
            "[:then, 38, 88, 8, 88, 17]": 0
          },
          "[:if, 39, 94, 26, 94, 119]": {
            "[:then, 40, 94, 64, 94, 115]": 1,
            "[:else, 41, 94, 118, 94, 119]": 0
          },
          "[:if, 42, 97, 25, 97, 125]": {
            "[:then, 43, 97, 62, 97, 121]": 1,
            "[:else, 44, 97, 124, 97, 125]": 0
          },
          "[:if, 45, 98, 28, 98, 131]": {
            "[:then, 46, 98, 65, 98, 127]": 1,
            "[:else, 47, 98, 130, 98, 131]": 0
          },
          "[:unless, 48, 105, 8, 105, 31]": {
            "[:else, 49, 105, 8, 105, 31]": 0,
            "[:then, 50, 105, 8, 105, 16]": 0
          },
          "[:if, 51, 109, 10, 112, 13]": {
            "[:then, 52, 111, 12, 111, 22]": 0,
            "[:else, 53, 109, 10, 112, 13]": 0
          },
          "[:unless, 54, 121, 8, 121, 32]": {
            "[:else, 55, 121, 8, 121, 32]": 0,
            "[:then, 56, 121, 8, 121, 17]": 0
          },
          "[:if, 57, 125, 10, 128, 13]": {
            "[:then, 58, 127, 12, 127, 31]": 0,
            "[:else, 59, 125, 10, 128, 13]": 0
          },
          "[:if, 60, 138, 8, 142, 11]": {
            "[:then, 61, 139, 10, 139, 31]": 5,
            "[:else, 62, 141, 10, 141, 22]": 0
          },
          "[:if, 63, 146, 8, 150, 11]": {
            "[:then, 64, 147, 10, 147, 32]": 97,
            "[:else, 65, 148, 8, 150, 11]": 0
          },
          "[:if, 66, 148, 8, 150, 11]": {
            "[:then, 67, 149, 10, 149, 35]": 0,
            "[:else, 68, 148, 8, 150, 11]": 0
          },
          "[:if, 69, 154, 8, 158, 11]": {
            "[:then, 70, 155, 10, 155, 31]": 1,
            "[:else, 71, 157, 10, 157, 34]": 0
          },
          "[:if, 72, 163, 8, 163, 45]": {
            "[:then, 73, 163, 8, 163, 14]": 1,
            "[:else, 74, 163, 8, 163, 45]": 0
          },
          "[:if, 75, 165, 8, 170, 11]": {
            "[:then, 76, 166, 10, 167, 83]": 0,
            "[:else, 77, 169, 10, 169, 100]": 0
          },
          "[:unless, 78, 174, 8, 174, 56]": {
            "[:else, 79, 174, 8, 174, 56]": 1,
            "[:then, 80, 174, 8, 174, 14]": 0
          },
          "[:unless, 81, 199, 8, 199, 56]": {
            "[:else, 82, 199, 8, 199, 56]": 1,
            "[:then, 83, 199, 8, 199, 14]": 0
          },
          "[:if, 84, 202, 8, 202, 41]": {
            "[:then, 85, 202, 8, 202, 14]": 0,
            "[:else, 86, 202, 8, 202, 41]": 1
          },
          "[:unless, 87, 230, 10, 230, 70]": {
            "[:else, 88, 230, 10, 230, 70]": 5,
            "[:then, 89, 230, 10, 230, 14]": 2590
          },
          "[:if, 90, 232, 10, 232, 67]": {
            "[:then, 91, 232, 10, 232, 14]": 0,
            "[:else, 92, 232, 10, 232, 67]": 5
          },
          "[:if, 93, 241, 8, 241, 110]": {
            "[:then, 94, 241, 8, 241, 80]": 1,
            "[:else, 95, 241, 8, 241, 110]": 0
          },
          "[:if, 96, 247, 8, 254, 11]": {
            "[:then, 97, 248, 10, 248, 87]": 0,
            "[:else, 98, 249, 8, 254, 11]": 1
          },
          "[:if, 99, 249, 8, 254, 11]": {
            "[:then, 100, 250, 10, 250, 93]": 0,
            "[:else, 101, 252, 10, 253, 87]": 1
          },
          "[:unless, 102, 257, 8, 260, 11]": {
            "[:else, 103, 257, 8, 260, 11]": 1,
            "[:then, 104, 258, 10, 259, 16]": 0
          },
          "[:if, 105, 264, 8, 268, 11]": {
            "[:then, 106, 265, 10, 265, 76]": 1,
            "[:else, 107, 267, 10, 267, 82]": 0
          },
          "[:if, 108, 291, 6, 295, 9]": {
            "[:then, 109, 292, 8, 292, 50]": 1,
            "[:else, 110, 294, 8, 294, 17]": 0
          }
        }
      },
      "/Users/petetaylor/projects/tasker-systems/tasker-core/workers/ruby/lib/tasker_core/types.rb": {
        "lines": [
          null,
          null,
          1,
          1,
          null,
          null,
          1,
          1,
          1,
          1,
          1,
          1,
          1,
          1,
          1,
          1,
          null,
          1,
          null,
          null,
          null,
          null,
          null,
          null,
          null,
          null,
          null,
          null,
          null,
          null,
          null,
          null,
          null,
          null,
          null,
          null,
          null,
          null,
          null,
          null,
          null,
          null,
          null,
          null,
          null,
          null,
          null,
          null,
          null,
          null,
          null,
          null,
          null,
          null,
          null,
          null,
          null,
          null,
          null,
          null,
          null,
          null,
          null,
          null,
          null,
          null,
          null,
          null,
          null,
          null,
          null,
          null,
          null,
          null,
          null,
          null,
          null,
          null,
          null,
          null,
          null,
          null,
          null,
          null,
          null,
          null,
          null,
          null,
          null,
          null,
          null,
          null,
          null,
          null,
          null,
          null,
          null,
          null,
          null,
          null,
          null,
          null,
          null,
          null,
          null,
          1,
          1,
          null,
          null,
          null,
          null,
          null,
          null,
          1,
          1,
          null,
          null,
          1,
          null,
          null,
          null,
          null
        ],
        "branches": {}
      },
      "/Users/petetaylor/projects/tasker-systems/tasker-core/workers/ruby/lib/tasker_core/types/task_types.rb": {
        "lines": [
          null,
          null,
          1,
          1,
          null,
          1,
          1,
          null,
          1,
          1,
          1,
          null,
          null,
          null,
          1,
          null,
          1,
          1,
          1,
          null,
          null,
          1,
          null,
          null,
          null,
          null,
          null,
          null,
          null,
          1,
          1,
          1,
          1,
          1,
          null,
          null,
          1,
          null,
          null,
          1,
          1,
          1,
          1,
          1,
          1,
          null,
          1,
          0,
          26,
          null,
          null,
          1,
          3,
          null,
          null,
          null,
          null,
          null,
          null,
          null,
          null,
          1,
          null,
          9,
          9,
          9,
          9,
          9,
          null,
          null,
          null,
          9,
          null,
          null,
          null,
          null,
          null,
          null,
          null,
          null,
          null,
          null,
          null,
          null,
          null,
          null,
          null,
          null,
          null,
          9,
          null,
          9,
          null,
          null,
          null,
          1,
          1,
          null,
          0,
          null,
          null,
          null,
          1,
          1,
          null,
          null,
          null,
          null,
          null,
          null,
          null,
          null,
          null,
          null,
          null,
          null,
          1,
          3,
          null,
          null,
          1,
          1,
          null,
          null,
          null,
          null,
          1,
          1,
          1,
          null,
          null,
          null,
          null,
          null,
          null,
          null,
          1,
          1,
          1,
          1,
          null,
          1,
          0,
          null,
          null,
          null,
          null,
          null
        ],
        "branches": {
          "[:if, 0, 48, 10, 48, 60]": {
            "[:then, 1, 48, 30, 48, 35]": 0,
            "[:else, 2, 48, 38, 48, 60]": 0
          },
          "[:if, 3, 65, 10, 65, 66]": {
            "[:then, 4, 65, 10, 65, 51]": 9,
            "[:else, 5, 65, 10, 65, 66]": 0
          },
          "[:if, 6, 66, 10, 66, 78]": {
            "[:then, 7, 66, 10, 66, 59]": 9,
            "[:else, 8, 66, 10, 66, 78]": 0
          },
          "[:if, 9, 67, 10, 67, 81]": {
            "[:then, 10, 67, 10, 67, 61]": 0,
            "[:else, 11, 67, 10, 67, 81]": 9
          },
          "[:if, 12, 68, 10, 68, 75]": {
            "[:then, 13, 68, 10, 68, 57]": 0,
            "[:else, 14, 68, 10, 68, 75]": 9
          },
          "[:\"&.\", 15, 83, 26, 83, 43]": {
            "[:then, 16, 83, 26, 83, 43]": 9,
            "[:else, 17, 83, 26, 83, 43]": 0
          },
          "[:\"&.\", 18, 83, 26, 83, 74]": {
            "[:then, 19, 83, 26, 83, 74]": 9,
            "[:else, 20, 83, 26, 83, 74]": 0
          },
          "[:unless, 21, 90, 10, 90, 71]": {
            "[:else, 22, 90, 10, 90, 71]": 0,
            "[:then, 23, 90, 10, 90, 44]": 9
          }
        }
      },
      "/Users/petetaylor/projects/tasker-systems/tasker-core/workers/ruby/lib/tasker_core/types/step_types.rb": {
        "lines": [
          null,
          null,
          1,
          1,
          1,
          null,
          1,
          1,
          null,
          1,
          1,
          1,
          null,
          null,
          null,
          1,
          1,
          null,
          1,
          6,
          null,
          null,
          1,
          2,
          null,
          null,
          1,
          6,
          null,
          null,
          1,
          3,
          null,
          null,
          null,
          null,
          1,
          1,
          null,
          null,
          null,
          null,
          null,
          null,
          null,
          null,
          null,
          null,
          1,
          1,
          1,
          1,
          null,
          1,
          null,
          3,
          null,
          null,
          null,
          null,
          null,
          null,
          null,
          null,
          null,
          null,
          null,
          null,
          1,
          1,
          1,
          1,
          1,
          14,
          1,
          1,
          1,
          null,
          null,
          1,
          6,
          null,
          null,
          null,
          null,
          null,
          null,
          null,
          null,
          null,
          1,
          3,
          null,
          null,
          null,
          null,
          null,
          null,
          null,
          null,
          null,
          1,
          4,
          null,
          null,
          null,
          null,
          null,
          null,
          null,
          null,
          null,
          null,
          1,
          3,
          null,
          null,
          1,
          3,
          null,
          null,
          null,
          1,
          null,
          4,
          null,
          null,
          null,
          null,
          null,
          null,
          null,
          null,
          null,
          4,
          null,
          null,
          null,
          null,
          null,
          null,
          1,
          null,
          null,
          1,
          4,
          null,
          2,
          null,
          1,
          null,
          0,
          null,
          0,
          null,
          1,
          null,
          0,
          null,
          null,
          null,
          null,
          null,
          1,
          1,
          1,
          1,
          1,
          1,
          1,
          null,
          null,
          1,
          2,
          null,
          null,
          null,
          null,
          null,
          1,
          2,
          null,
          null,
          null,
          1,
          2,
          null,
          null,
          null,
          1,
          2,
          null,
          null,
          null,
          1,
          3,
          null,
          2,
          null,
          null,
          1,
          1,
          null,
          null,
          null,
          null,
          null
        ],
        "branches": {
          "[:if, 0, 74, 68, 74, 118]": {
            "[:then, 1, 74, 88, 74, 93]": 13,
            "[:else, 2, 74, 96, 74, 118]": 0
          },
          "[:\"&.\", 3, 129, 19, 129, 30]": {
            "[:then, 4, 129, 19, 129, 30]": 1,
            "[:else, 5, 129, 19, 129, 30]": 3
          },
          "[:case, 6, 146, 10, 159, 13]": {
            "[:when, 7, 148, 12, 148, 21]": 2,
            "[:when, 8, 150, 12, 150, 20]": 1,
            "[:when, 9, 152, 12, 152, 23]": 0,
            "[:when, 10, 154, 12, 154, 21]": 0,
            "[:when, 11, 156, 12, 156, 24]": 1,
            "[:else, 12, 158, 12, 158, 20]": 0
          },
          "[:unless, 13, 196, 10, 196, 39]": {
            "[:else, 14, 196, 10, 196, 39]": 2,
            "[:then, 15, 196, 10, 196, 20]": 1
          }
        }
      },
      "/Users/petetaylor/projects/tasker-systems/tasker-core/workers/ruby/lib/tasker_core/types/step_message.rb": {
        "lines": [
          null,
          null,
          1,
          1,
          null,
          1,
          1,
          null,
          1,
          null,
          null,
          1,
          1,
          1,
          1,
          1,
          1,
          1,
          null,
          null,
          1,
          null,
          null,
          1,
          null,
          null,
          null,
          null,
          1,
          1,
          null,
          1,
          0,
          0,
          0,
          0,
          0,
          0,
          0,
          null,
          null,
          null,
          1,
          0,
          null,
          null,
          null,
          null,
          null,
          null,
          null,
          null,
          null,
          null,
          null,
          null,
          null,
          null,
          null,
          null,
          null,
          null,
          1,
          1,
          null,
          null,
          1,
          1,
          null,
          1,
          1,
          null,
          null,
          1,
          null,
          null,
          null,
          null,
          null,
          null,
          1,
          0,
          null,
          null,
          1,
          0,
          null,
          null,
          null,
          null,
          null,
          null,
          null,
          null,
          null,
          1,
          0,
          null,
          null,
          1,
          0,
          null,
          null,
          1,
          0,
          null,
          null,
          null,
          null,
          null,
          null,
          null
        ],
        "branches": {}
      },
      "/Users/petetaylor/projects/tasker-systems/tasker-core/workers/ruby/lib/tasker_core/types/simple_message.rb": {
        "lines": [
          null,
          null,
          1,
          1,
          null,
          1,
          1,
          null,
          1,
          null,
          null,
          null,
          1,
          null,
          null,
          null,
          null,
          null,
          null,
          null,
          null,
          null,
          null,
          null,
          null,
          null,
          null,
          null,
          null,
          null,
          null,
          null,
          null,
          null,
          null,
          null,
          null,
          null,
          null,
          null,
          null,
          null,
          null,
          null,
          null,
          null,
          null,
          null,
          1,
          null,
          1,
          null,
          null,
          1,
          null,
          null,
          1,
          null,
          null,
          null,
          1,
          null,
          null,
          null,
          null,
          null,
          1,
          null,
          0,
          null,
          null,
          null,
          null,
          null,
          null,
          null,
          null,
          1,
          0,
          0,
          null,
          null,
          null,
          null,
          1,
          0,
          null,
          null,
          null,
          null,
          1,
          0,
          null,
          null,
          null,
          null,
          1,
          0,
          null,
          null,
          null,
          null,
          1,
          0,
          null,
          0,
          null,
          null,
          null,
          0,
          null,
          null,
          null,
          null,
          null,
          1,
          0,
          null,
          null,
          null,
          null,
          null,
          1,
          0,
          null,
          null,
          null,
          null,
          1,
          0,
          null,
          0,
          null,
          null,
          null,
          null,
          null,
          null,
          null,
          null,
          null,
          1,
          0,
          null,
          null,
          null,
          null,
          null,
          null,
          null,
          null
        ],
        "branches": {
          "[:if, 0, 104, 8, 104, 57]": {
            "[:then, 1, 104, 8, 104, 19]": 0,
            "[:else, 2, 104, 8, 104, 57]": 0
          },
          "[:if, 3, 130, 8, 130, 100]": {
            "[:then, 4, 130, 8, 130, 62]": 0,
            "[:else, 5, 130, 8, 130, 100]": 0
          }
        }
      },
      "/Users/petetaylor/projects/tasker-systems/tasker-core/workers/ruby/lib/tasker_core/types/task_template.rb": {
        "lines": [
          null,
          null,
          1,
          1,
          1,
          null,
          1,
          1,
          null,
          null,
          null,
          null,
          null,
          null,
          null,
          null,
          null,
          null,
          1,
          1,
          null,
          null,
          null,
          1,
          1,
          1,
          1,
          1,
          1,
          null,
          null,
          null,
          null,
          null,
          null,
          null,
          null,
          null,
          null,
          1,
          1,
          1,
          null,
          null,
          1,
          null,
          1,
          null,
          null,
          null,
          null,
          null,
          1,
          22,
          null,
          null,
          null,
          null,
          null,
          null,
          1,
          26,
          null,
          null,
          null,
          null,
          null,
          null,
          null,
          1,
          38,
          null,
          null,
          null,
          null,
          1,
          1,
          1,
          null,
          null,
          null,
          1,
          1,
          1,
          1,
          null,
          null,
          null,
          1,
          1,
          1,
          1,
          1,
          1,
          null,
          null,
          null,
          1,
          1,
          1,
          1,
          1,
          1,
          1,
          1,
          1,
          null,
          null,
          1,
          null,
          null,
          1,
          0,
          null,
          null,
          null,
          1,
          0,
          null,
          null,
          null,
          1,
          0,
          null,
          null,
          null,
          null,
          1,
          1,
          null,
          null,
          null,
          1,
          1,
          1,
          1,
          1,
          null,
          null,
          null,
          1,
          1,
          1,
          null,
          null,
          null,
          1,
          null,
          1,
          null,
          null,
          1,
          1,
          1,
          null,
          null,
          1,
          1,
          1,
          1,
          1,
          1,
          1,
          1,
          null,
          null,
          1,
          null,
          null,
          1,
          0,
          null,
          null,
          null,
          1,
          0,
          0,
          0,
          0,
          null,
          null,
          null,
          1,
          0,
          0,
          null,
          null,
          0,
          null,
          0,
          null,
          null,
          null,
          1,
          0,
          null,
          0,
          0,
          null,
          null,
          0,
          0,
          null,
          null,
          null,
          0,
          0,
          null,
          0,
          null,
          null,
          0,
          0,
          null,
          null,
          null,
          null,
          0,
          null,
          null,
          1,
          null,
          null,
          1,
          null,
          0,
          null,
          null,
          null,
          1,
          0,
          0,
          null,
          null,
          0,
          0,
          null,
          null,
          null,
          null
        ],
        "branches": {
          "[:if, 0, 177, 8, 177, 58]": {
            "[:then, 1, 177, 8, 177, 42]": 0,
            "[:else, 2, 177, 8, 177, 58]": 0
          },
          "[:if, 3, 184, 8, 184, 60]": {
            "[:then, 4, 184, 8, 184, 20]": 0,
            "[:else, 5, 184, 8, 184, 60]": 0
          },
          "[:unless, 6, 185, 8, 185, 59]": {
            "[:else, 7, 185, 8, 185, 59]": 0,
            "[:then, 8, 185, 8, 185, 20]": 0
          },
          "[:if, 9, 188, 8, 188, 74]": {
            "[:then, 10, 188, 8, 188, 20]": 0,
            "[:else, 11, 188, 8, 188, 74]": 0
          },
          "[:if, 12, 197, 8, 216, 11]": {
            "[:then, 13, 198, 10, 215, 13]": 0,
            "[:else, 14, 197, 8, 216, 11]": 0
          },
          "[:if, 15, 201, 10, 203, 13]": {
            "[:then, 16, 202, 12, 202, 106]": 0,
            "[:else, 17, 201, 10, 203, 13]": 0
          },
          "[:if, 18, 207, 12, 214, 15]": {
            "[:then, 19, 209, 14, 209, 94]": 0,
            "[:else, 20, 212, 14, 213, 62]": 0
          },
          "[:if, 21, 213, 14, 213, 62]": {
            "[:then, 22, 213, 14, 213, 54]": 0,
            "[:else, 23, 213, 14, 213, 62]": 0
          },
          "[:\"&.\", 24, 231, 11, 231, 48]": {
            "[:then, 25, 231, 11, 231, 48]": 0,
            "[:else, 26, 231, 11, 231, 48]": 0
          },
          "[:if, 27, 231, 8, 233, 11]": {
            "[:then, 28, 232, 10, 232, 82]": 0,
            "[:else, 29, 231, 8, 233, 11]": 0
          },
          "[:if, 30, 235, 8, 235, 93]": {
            "[:then, 31, 235, 8, 235, 60]": 0,
            "[:else, 32, 235, 8, 235, 93]": 0
          },
          "[:if, 33, 236, 8, 236, 63]": {
            "[:then, 34, 236, 8, 236, 40]": 0,
            "[:else, 35, 236, 8, 236, 63]": 0
          }
        }
      },
      "/Users/petetaylor/projects/tasker-systems/tasker-core/workers/ruby/lib/tasker_core/types/step_handler_call_result.rb": {
        "lines": [
          null,
          null,
          1,
          1,
          null,
          1,
          1,
          null,
          null,
          null,
          null,
          null,
          null,
          null,
          null,
          null,
          null,
          null,
          null,
          null,
          null,
          null,
          null,
          null,
          null,
          null,
          null,
          null,
          1,
          1,
          null,
          1,
          null,
          null,
          null,
          1,
          null,
          null,
          1,
          null,
          null,
          1,
          5,
          null,
          null,
          null,
          1,
          0,
          null,
          null,
          null,
          1,
          null,
          1,
          null,
          null,
          1,
          null,
          null,
          null,
          null,
          1,
          null,
          null,
          1,
          null,
          null,
          1,
          null,
          null,
          1,
          null,
          null,
          1,
          0,
          null,
          null,
          null,
          1,
          0,
          null,
          null,
          null,
          null,
          null,
          null,
          null,
          null,
          null,
          null,
          null,
          null,
          null,
          null,
          null,
          null,
          1,
          null,
          null,
          null,
          1,
          null,
          null,
          1,
          null,
          null,
          null,
          1,
          null,
          null,
          1,
          11,
          null,
          null,
          null,
          1,
          1,
          null,
          null,
          null,
          1,
          null,
          3,
          null,
          null,
          null,
          null,
          null,
          null,
          null,
          null,
          null,
          1,
          null,
          null,
          null,
          null,
          null,
          1,
          33,
          null,
          null,
          null,
          null,
          null,
          null,
          null,
          null,
          null,
          null,
          null,
          null,
          null,
          null,
          1,
          5,
          null,
          null,
          null,
          null,
          null,
          null,
          null,
          null,
          null,
          null,
          null,
          null,
          null,
          null,
          null,
          null,
          null,
          null,
          null,
          null,
          null,
          null,
          null,
          null,
          null,
          null,
          null,
          null,
          null,
          null,
          null,
          1,
          17,
          null,
          null,
          null,
          null,
          null,
          null,
          null,
          null,
          null,
          null,
          1,
          6,
          null,
          null,
          2,
          null,
          null,
          3,
          null,
          1,
          null,
          null,
          null,
          null,
          2,
          null,
          1,
          null,
          null,
          null,
          null,
          null,
          null,
          null,
          null,
          null,
          1,
          null,
          null,
          null,
          null,
          null,
          null,
          null,
          null,
          null,
          null,
          1,
          null,
          null,
          null,
          null,
          null,
          null,
          null,
          null,
          null,
          null,
          null,
          null,
          null,
          null,
          1,
          3,
          null,
          1,
          null,
          null,
          null,
          null,
          null,
          null,
          null,
          null,
          null,
          null,
          1,
          null,
          null,
          null,
          null,
          null,
          null,
          null,
          null,
          null,
          null,
          null,
          0,
          null,
          null,
          null,
          null,
          null,
          null,
          null,
          null,
          null,
          null,
          null,
          null,
          1,
          null,
          null,
          null,
          null,
          null,
          null,
          null,
          null,
          null,
          null,
          null,
          null,
          null,
          null,
          null,
          null
        ],
        "branches": {
          "[:case, 0, 201, 10, 245, 13]": {
            "[:when, 1, 204, 12, 204, 18]": 2,
            "[:when, 2, 207, 12, 234, 15]": 3,
            "[:else, 3, 237, 12, 244, 13]": 1
          },
          "[:if, 4, 207, 12, 234, 15]": {
            "[:then, 5, 209, 14, 213, 15]": 1,
            "[:else, 6, 214, 12, 234, 15]": 2
          },
          "[:if, 7, 214, 12, 234, 15]": {
            "[:then, 8, 216, 14, 223, 15]": 1,
            "[:else, 9, 226, 14, 233, 15]": 1
          },
          "[:case, 10, 253, 10, 302, 13]": {
            "[:when, 11, 255, 12, 264, 13]": 1,
            "[:when, 12, 266, 12, 276, 13]": 1,
            "[:when, 13, 278, 12, 288, 13]": 0,
            "[:else, 14, 291, 12, 301, 13]": 1
          },
          "[:\"&.\", 15, 299, 29, 299, 59]": {
            "[:then, 16, 299, 29, 299, 59]": 1,
            "[:else, 17, 299, 29, 299, 59]": 0
          },
          "[:\"&.\", 18, 299, 29, 299, 71]": {
            "[:then, 19, 299, 29, 299, 71]": 1,
            "[:else, 20, 299, 29, 299, 71]": 0
          }
        }
      },
      "/Users/petetaylor/projects/tasker-systems/tasker-core/workers/ruby/lib/tasker_core/types/decision_point_outcome.rb": {
        "lines": [
          null,
          null,
          1,
          1,
          null,
          1,
          1,
          null,
          null,
          null,
          null,
          null,
          null,
          null,
          null,
          null,
          null,
          null,
          null,
          null,
          null,
          null,
          null,
          null,
          null,
          null,
          null,
          null,
          null,
          null,
          null,
          null,
          null,
          null,
          null,
          null,
          null,
          null,
          null,
          null,
          null,
          null,
          null,
          null,
          null,
          null,
          null,
          null,
          null,
          null,
          null,
          null,
          null,
          null,
          null,
          null,
          null,
          null,
          null,
          1,
          1,
          1,
          null,
          null,
          null,
          1,
          null,
          1,
          null,
          null,
          null,
          1,
          10,
          null,
          null,
          null,
          1,
          3,
          null,
          null,
          null,
          1,
          8,
          null,
          null,
          null,
          null,
          1,
          null,
          1,
          null,
          null,
          1,
          null,
          null,
          null,
          1,
          21,
          null,
          null,
          null,
          null,
          null,
          null,
          1,
          4,
          null,
          null,
          null,
          null,
          1,
          null,
          null,
          null,
          null,
          null,
          null,
          null,
          null,
          null,
          1,
          11,
          null,
          null,
          null,
          null,
          null,
          null,
          null,
          null,
          null,
          null,
          null,
          null,
          null,
          null,
          null,
          null,
          1,
          26,
          null,
          24,
          null,
          null,
          null,
          null,
          null,
          null,
          null,
          null,
          null,
          null,
          null,
          null,
          null,
          null,
          1,
          13,
          null,
          null,
          null,
          10,
          null,
          10,
          null,
          3,
          null,
          6,
          6,
          null,
          3,
          null,
          null,
          null,
          null,
          null,
          null
        ],
        "branches": {
          "[:if, 0, 140, 10, 140, 99]": {
            "[:then, 1, 140, 10, 140, 59]": 2,
            "[:else, 2, 140, 10, 140, 99]": 24
          },
          "[:unless, 3, 158, 10, 158, 44]": {
            "[:else, 4, 158, 10, 158, 44]": 10,
            "[:then, 5, 158, 10, 158, 20]": 3
          },
          "[:case, 6, 164, 10, 172, 13]": {
            "[:when, 7, 166, 12, 166, 26]": 3,
            "[:when, 8, 168, 12, 171, 51]": 6,
            "[:else, 9, 164, 10, 172, 13]": 1
          },
          "[:unless, 10, 169, 12, 169, 75]": {
            "[:else, 11, 169, 12, 169, 75]": 3,
            "[:then, 12, 169, 12, 169, 22]": 3
          }
        }
      },
      "/Users/petetaylor/projects/tasker-systems/tasker-core/workers/ruby/lib/tasker_core/types/batch_processing_outcome.rb": {
        "lines": [
          null,
          null,
          1,
          1,
          null,
          1,
          1,
          null,
          null,
          null,
          null,
          null,
          null,
          null,
          null,
          null,
          null,
          null,
          null,
          null,
          null,
          null,
          null,
          null,
          null,
          null,
          null,
          null,
          null,
          null,
          null,
          null,
          null,
          null,
          null,
          null,
          null,
          null,
          null,
          null,
          null,
          null,
          null,
          null,
          null,
          null,
          null,
          null,
          null,
          null,
          null,
          null,
          null,
          null,
          null,
          null,
          null,
          null,
          null,
          null,
          null,
          null,
          null,
          null,
          null,
          null,
          null,
          null,
          null,
          null,
          null,
          1,
          1,
          1,
          null,
          null,
          null,
          1,
          null,
          1,
          null,
          null,
          null,
          1,
          0,
          null,
          null,
          null,
          1,
          0,
          null,
          null,
          null,
          null,
          1,
          null,
          1,
          null,
          null,
          1,
          null,
          null,
          1,
          null,
          null,
          null,
          1,
          null,
          null,
          1,
          null,
          null,
          null,
          1,
          0,
          null,
          null,
          null,
          null,
          null,
          null,
          null,
          null,
          null,
          1,
          0,
          null,
          null,
          null,
          null,
          1,
          null,
          null,
          null,
          null,
          null,
          null,
          null,
          null,
          null,
          1,
          0,
          null,
          null,
          null,
          null,
          null,
          null,
          null,
          null,
          null,
          null,
          null,
          null,
          null,
          null,
          null,
          null,
          null,
          null,
          null,
          null,
          null,
          null,
          null,
          null,
          null,
          1,
          0,
          0,
          null,
          null,
          0,
          null,
          null,
          0,
          0,
          null,
          null,
          null,
          null,
          null,
          0,
          0,
          null,
          null,
          0,
          0,
          0,
          null,
          null,
          0,
          null,
          0,
          null,
          0,
          null,
          0,
          null,
          null,
          null,
          null,
          0,
          null,
          null,
          null,
          null,
          null,
          null,
          null,
          null,
          null,
          null,
          null,
          null,
          null,
          null,
          null,
          null,
          null,
          null,
          null,
          null,
          null,
          null,
          null,
          null,
          null,
          null,
          null,
          null,
          null,
          null,
          null,
          1,
          0,
          0,
          null,
          null,
          null,
          0,
          0,
          null,
          0,
          null,
          0,
          null,
          0,
          0,
          0,
          0,
          null,
          0,
          0,
          null,
          null,
          0,
          0,
          null,
          null,
          null,
          0,
          0,
          null,
          0,
          null,
          0,
          null,
          null,
          null,
          null,
          null,
          null,
          0,
          null,
          null,
          null,
          1,
          null,
          null,
          null,
          1,
          0,
          null,
          0,
          0,
          0,
          null,
          0,
          null,
          0,
          null,
          0,
          null,
          0,
          null,
          null,
          null,
          null,
          null,
          null
        ],
        "branches": {
          "[:if, 0, 169, 10, 172, 13]": {
            "[:then, 1, 170, 12, 171, 56]": 0,
            "[:else, 2, 169, 10, 172, 13]": 0
          },
          "[:if, 3, 173, 10, 173, 111]": {
            "[:then, 4, 173, 10, 173, 63]": 0,
            "[:else, 5, 173, 10, 173, 111]": 0
          },
          "[:if, 6, 176, 10, 179, 13]": {
            "[:then, 7, 177, 12, 178, 108]": 0,
            "[:else, 8, 176, 10, 179, 13]": 0
          },
          "[:unless, 9, 184, 12, 184, 77]": {
            "[:else, 10, 184, 12, 184, 77]": 0,
            "[:then, 11, 184, 12, 184, 16]": 0
          },
          "[:unless, 12, 192, 12, 192, 80]": {
            "[:else, 13, 192, 12, 192, 80]": 0,
            "[:then, 14, 192, 12, 192, 16]": 0
          },
          "[:unless, 15, 196, 12, 196, 57]": {
            "[:else, 16, 196, 12, 196, 57]": 0,
            "[:then, 17, 196, 12, 196, 16]": 0
          },
          "[:if, 18, 236, 10, 236, 68]": {
            "[:then, 19, 236, 10, 236, 55]": 0,
            "[:else, 20, 236, 10, 236, 68]": 0
          },
          "[:unless, 21, 237, 10, 237, 89]": {
            "[:else, 22, 237, 10, 237, 89]": 0,
            "[:then, 23, 237, 10, 237, 65]": 0
          },
          "[:case, 24, 244, 10, 275, 13]": {
            "[:when, 25, 246, 12, 246, 25]": 0,
            "[:when, 26, 248, 12, 272, 13]": 0,
            "[:else, 27, 274, 12, 274, 80]": 0
          },
          "[:if, 28, 253, 12, 255, 15]": {
            "[:then, 29, 254, 14, 254, 96]": 0,
            "[:else, 30, 253, 12, 255, 15]": 0
          },
          "[:if, 31, 257, 12, 260, 15]": {
            "[:then, 32, 258, 14, 259, 63]": 0,
            "[:else, 33, 257, 12, 260, 15]": 0
          },
          "[:unless, 34, 262, 12, 264, 15]": {
            "[:else, 35, 262, 12, 264, 15]": 0,
            "[:then, 36, 263, 14, 263, 77]": 0
          },
          "[:if, 37, 265, 12, 265, 120]": {
            "[:then, 38, 265, 12, 265, 75]": 0,
            "[:else, 39, 265, 12, 265, 120]": 0
          },
          "[:unless, 40, 283, 10, 283, 45]": {
            "[:else, 41, 283, 10, 283, 45]": 0,
            "[:then, 42, 283, 10, 283, 21]": 0
          },
          "[:case, 43, 287, 24, 294, 27]": {
            "[:when, 44, 289, 26, 289, 52]": 0,
            "[:when, 45, 291, 26, 291, 86]": 0,
            "[:else, 46, 293, 26, 293, 31]": 0
          },
          "[:if, 47, 291, 42, 291, 84]": {
            "[:then, 48, 291, 58, 291, 80]": 0,
            "[:else, 49, 291, 83, 291, 84]": 0
          }
        }
      },
      "/Users/petetaylor/projects/tasker-systems/tasker-core/workers/ruby/lib/tasker_core/types/step_context.rb": {
        "lines": [
          null,
          null,
          1,
          1,
          null,
          null,
          null,
          null,
          null,
          null,
          null,
          null,
          null,
          null,
          null,
          null,
          null,
          null,
          null,
          null,
          null,
          null,
          null,
          null,
          null,
          null,
          null,
          null,
          null,
          null,
          null,
          null,
          null,
          null,
          null,
          null,
          null,
          null,
          null,
          null,
          null,
          null,
          null,
          1,
          null,
          1,
          null,
          null,
          1,
          null,
          null,
          1,
          null,
          null,
          1,
          null,
          null,
          1,
          null,
          null,
          null,
          null,
          null,
          1,
          49,
          49,
          49,
          49,
          49,
          null,
          0,
          0,
          0,
          0,
          0,
          null,
          null,
          49,
          null,
          null,
          null,
          null,
          null,
          null,
          null,
          null,
          1,
          4,
          null,
          null,
          null,
          null,
          1,
          4,
          null,
          null,
          null,
          null,
          null,
          1,
          4,
          null,
          null,
          null,
          null,
          1,
          null,
          null,
          null,
          null,
          1,
          6,
          null,
          null,
          null,
          null,
          1,
          6,
          null,
          null,
          null,
          null,
          1,
          4,
          null,
          null,
          null,
          null,
          null,
          null,
          null,
          null,
          null,
          null,
          null,
          null,
          null,
          1,
          7,
          null,
          null,
          null,
          null,
          1,
          null,
          null,
          null,
          null,
          null,
          null,
          null,
          null,
          null,
          1,
          2,
          2,
          null,
          null,
          null,
          null,
          null,
          null,
          null,
          null,
          null,
          1,
          2,
          null,
          null,
          null,
          null,
          null,
          null,
          null,
          null,
          null,
          null,
          null,
          null,
          1,
          5,
          null,
          null,
          null,
          null,
          null,
          null,
          null,
          null,
          null,
          null,
          null,
          null,
          null,
          null,
          1,
          2,
          2,
          null,
          1,
          null,
          null,
          null,
          null,
          null,
          null,
          null,
          null,
          null,
          null,
          null,
          null,
          null,
          null,
          1,
          2,
          null,
          null,
          null,
          null,
          null,
          null,
          null,
          null,
          null,
          null,
          1,
          2,
          null,
          null,
          null,
          null,
          null,
          null,
          null,
          null,
          null,
          1,
          10,
          null,
          null,
          null,
          null,
          null,
          null,
          null,
          null,
          null,
          null,
          null,
          null,
          1,
          4,
          null,
          null,
          null,
          null,
          null,
          1,
          2,
          null,
          null,
          null,
          null,
          null,
          null,
          null,
          null,
          null,
          null,
          null,
          null,
          1,
          2,
          null,
          null,
          null,
          null,
          null,
          null,
          null,
          null,
          null,
          null,
          1,
          2,
          null,
          null,
          null,
          null,
          null,
          null,
          null,
          1,
          2,
          null,
          null,
          null,
          1,
          3,
          null,
          null,
          null,
          1,
          1,
          null,
          null,
          null,
          1,
          1,
          null,
          null,
          null,
          1,
          1,
          null,
          null,
          null,
          1,
          1,
          null,
          null,
          null,
          null,
          null,
          null,
          null,
          null
        ],
        "branches": {
          "[:if, 0, 65, 8, 76, 11]": {
            "[:then, 1, 66, 10, 69, 54]": 49,
            "[:else, 2, 71, 10, 75, 52]": 0
          },
          "[:\"&.\", 3, 78, 40, 78, 74]": {
            "[:then, 4, 78, 40, 78, 74]": 49,
            "[:else, 5, 78, 40, 78, 74]": 0
          },
          "[:\"&.\", 6, 112, 8, 112, 48]": {
            "[:then, 7, 112, 8, 112, 48]": 6,
            "[:else, 8, 112, 8, 112, 48]": 0
          },
          "[:if, 9, 156, 8, 156, 36]": {
            "[:then, 10, 156, 21, 156, 28]": 1,
            "[:else, 11, 156, 31, 156, 36]": 1
          },
          "[:if, 12, 198, 8, 198, 33]": {
            "[:then, 13, 198, 8, 198, 18]": 1,
            "[:else, 14, 198, 8, 198, 33]": 1
          },
          "[:\"&.\", 15, 253, 8, 253, 33]": {
            "[:then, 16, 253, 8, 253, 33]": 2,
            "[:else, 17, 253, 8, 253, 33]": 2
          },
          "[:\"&.\", 18, 260, 8, 260, 42]": {
            "[:then, 19, 260, 8, 260, 42]": 1,
            "[:else, 20, 260, 8, 260, 42]": 1
          },
          "[:\"&.\", 21, 274, 8, 274, 46]": {
            "[:then, 22, 274, 8, 274, 46]": 1,
            "[:else, 23, 274, 8, 274, 46]": 1
          },
          "[:if, 24, 295, 8, 295, 71]": {
            "[:then, 25, 295, 45, 295, 65]": 1,
            "[:else, 26, 295, 68, 295, 71]": 1
          }
        }
      },
      "/Users/petetaylor/projects/tasker-systems/tasker-core/workers/ruby/lib/tasker_core/types/error_types.rb": {
        "lines": [
          null,
          null,
          1,
          1,
          null,
          null,
          null,
          null,
          null,
          null,
          null,
          null,
          null,
          null,
          null,
          null,
          null,
          null,
          null,
          null,
          null,
          1,
          null,
          1,
          null,
          null,
          1,
          null,
          null,
          1,
          null,
          null,
          1,
          null,
          null,
          1,
          null,
          null,
          null,
          1,
          null,
          null,
          null,
          null,
          null,
          null,
          null,
          null,
          null,
          null,
          1,
          5,
          null,
          null,
          null,
          null,
          null,
          null,
          1,
          3,
          null,
          null,
          null,
          null,
          null,
          null,
          1,
          3,
          null,
          null,
          null,
          null
        ],
        "branches": {}
      },
      "/Users/petetaylor/projects/tasker-systems/tasker-core/workers/ruby/lib/tasker_core/models.rb": {
        "lines": [
          null,
          null,
          1,
          1,
          null,
          null,
          null,
          null,
          null,
          null,
          null,
          null,
          null,
          null,
          null,
          null,
          null,
          null,
          null,
          null,
          null,
          null,
          1,
          null,
          null,
          null,
          null,
          1,
          null,
          null,
          null,
          null,
          null,
          null,
          null,
          null,
          1,
          3,
          3,
          3,
          3,
          null,
          null,
          null,
          null,
          null,
          null,
          null,
          null,
          null,
          1,
          0,
          null,
          null,
          null,
          null,
          null,
          null,
          null,
          null,
          null,
          1,
          0,
          null,
          null,
          null,
          null,
          null,
          null,
          null,
          null,
          null,
          1,
          0,
          null,
          null,
          null,
          null,
          null,
          null,
          null,
          null,
          null,
          null,
          null,
          null,
          1,
          null,
          null,
          null,
          null,
          null,
          1,
          null,
          null,
          null,
          null,
          null,
          null,
          null,
          null,
          1,
          null,
          null,
          null,
          3,
          null,
          3,
          null,
          3,
          3,
          3,
          3,
          null,
          null,
          null,
          null,
          null,
          null,
          null,
          null,
          null,
          null,
          null,
          null,
          1,
          null,
          null,
          null,
          null,
          null,
          null,
          null,
          null,
          null,
          null,
          null,
          null,
          null,
          null,
          null,
          null,
          null,
          null,
          1,
          null,
          null,
          null,
          null,
          null,
          null,
          null,
          1,
          3,
          3,
          3,
          3,
          3,
          3,
          3,
          3,
          3,
          3,
          3,
          3,
[...]
          null,
          null,
          null,
          null,
          null,
          null,
          null,
          null,
          null,
          null,
          null,
          null,
          null,
          null,
          1,
          1,
          null,
          1,
          null,
          null,
          null,
          null,
          1,
          null,
          null,
          null,
          1,
          null,
          1,
          0,
          0,
          0,
          0,
          null,
          null,
          null,
          1,
          0,
          null,
          0,
          0,
          null,
          0,
          0,
          null,
          null,
          0,
          null,
          null,
          null,
          1,
          0,
          null,
          0,
          0,
          null,
          0,
          0,
          0,
          null,
          null,
          0,
          0,
          null,
          null,
          null,
          1,
          0,
          null,
          null,
          null,
          null,
          null,
          null,
          null,
          null,
          null,
          null,
          null,
          null,
          null,
          null,
          null,
          null,
          null,
          null,
          1,
          0,
          null,
          0,
          0,
          null,
          null,
          1,
          null,
          null,
          1,
          0,
          null,
          0,
          null,
          null,
          0,
          0,
          null,
          null,
          0,
          null,
          0,
          null,
          0,
          0,
          null,
          null,
          null,
          0,
          null,
          0,
          0,
          null,
          null,
          0,
          null,
          null,
          null,
          0,
          null,
          null,
          null,
          null,
          1,
          0,
          null,
          0,
          null,
          null,
          0,
          null,
          null,
          null,
          1,
          0,
          null,
          null,
          0,
          null,
          0,
          null,
          0,
          0,
          0,
          null,
          null,
          null,
          null
        ],
        "branches": {
          "[:if, 0, 107, 8, 107, 25]": {
            "[:then, 1, 107, 8, 107, 14]": 0,
            "[:else, 2, 107, 8, 107, 25]": 0
          },
          "[:unless, 3, 121, 8, 121, 29]": {
            "[:else, 4, 121, 8, 121, 29]": 0,
            "[:then, 5, 121, 8, 121, 14]": 0
          },
          "[:\"&.\", 6, 126, 11, 126, 34]": {
            "[:then, 7, 126, 11, 126, 34]": 0,
            "[:else, 8, 126, 11, 126, 34]": 0
          },
          "[:if, 9, 126, 8, 129, 11]": {
            "[:then, 10, 127, 10, 128, 56]": 0,
            "[:else, 11, 126, 8, 129, 11]": 0
          },
          "[:if, 12, 128, 10, 128, 56]": {
            "[:then, 13, 128, 10, 128, 30]": 0,
            "[:else, 14, 128, 10, 128, 56]": 0
          },
          "[:while, 15, 169, 8, 193, 11]": {
            "[:body, 16, 170, 10, 192, 13]": 0
          },
          "[:if, 17, 191, 12, 191, 48]": {
            "[:then, 18, 191, 12, 191, 37]": 0,
            "[:else, 19, 191, 12, 191, 48]": 0
          },
          "[:if, 20, 178, 12, 182, 15]": {
            "[:then, 21, 180, 14, 181, 18]": 0,
            "[:else, 22, 178, 12, 182, 15]": 0
          },
          "[:unless, 23, 201, 8, 201, 69]": {
            "[:else, 24, 201, 8, 201, 69]": 0,
            "[:then, 25, 201, 8, 201, 14]": 0
          }
        }
      },
      "/Users/petetaylor/projects/tasker-systems/tasker-core/workers/ruby/lib/tasker_core/worker/in_process_domain_event_poller.rb": {
        "lines": [
          null,
          null,
          1,
          null,
          1,
          1,
          null,
          null,
          null,
          null,
          null,
          null,
          null,
          null,
          null,
          null,
          null,
          null,
          null,
          null,
          null,
          null,
          null,
          null,
          null,
          null,
          null,
          null,
          null,
          null,
          null,
          null,
          null,
          null,
          null,
          null,
          null,
          null,
          null,
          null,
          1,
          1,
          null,
          1,
          null,
          null,
          1,
          null,
          null,
          1,
          null,
          1,
          1,
          1,
          1,
          1,
          1,
          null,
          null,
          null,
          null,
          null,
          null,
          null,
          null,
          null,
          null,
          null,
          null,
          null,
          1,
          5,
          5,
          null,
          5,
          5,
          5,
          null,
          null,
          5,
          null,
          null,
          null,
          null,
          null,
          null,
          1,
          5,
          5,
          null,
          null,
          5,
          null,
          null,
          null,
          1,
          0,
          0,
          null,
          null,
          0,
          null,
          null,
          null,
          1,
          0,
          0,
          null,
          null,
          null,
          null,
          1,
          0,
          null,
          0,
          0,
          null,
          0,
          0,
          null,
          null,
          0,
          null,
          null,
          null,
          1,
          3,
          null,
          0,
          0,
          null,
          0,
          0,
          0,
          null,
          null,
          0,
          0,
          null,
          null,
          null,
          1,
          1,
          null,
          null,
          null,
          1,
          null,
          0,
          null,
          0,
          0,
          null,
          null,
          null,
          0,
          null,
          null,
          null,
          null,
          null,
          null,
          1,
          null,
          null,
          1,
          0,
          null,
          0,
          null,
          null,
          0,
          null,
          0,
          null,
          0,
          0,
          null,
          null,
          null,
          0,
          0,
          null,
          null,
          0,
          0,
          null,
          null,
          0,
          null,
          null,
          null,
          0,
          null,
          null,
          null,
          1,
          0,
          0,
          null,
          0,
          null,
          null,
          0,
          null,
          0,
          null,
          0,
          null,
          null,
          null,
          null,
          0,
          null,
          0,
          null,
          0,
          null,
          null,
          null,
          null,
          0,
          null,
          0,
          0,
          0,
          null,
          null,
          0,
          0,
          null,
          null,
          null,
          null,
          1,
          0,
          null,
          0,
          0,
          0,
          null,
          null,
          null,
          0,
          null,
          null,
          null,
          1,
          0,
          null,
          0,
          null,
          0,
          0,
          null,
          null,
          0,
          null,
          null,
          null,
          null,
          1,
          0,
          null,
          null,
          0,
          0,
          null,
          null,
          null,
          null
        ],
        "branches": {
          "[:unless, 0, 72, 8, 72, 82]": {
            "[:else, 1, 72, 8, 72, 82]": 5,
            "[:then, 2, 72, 8, 72, 62]": 0
          },
          "[:if, 3, 73, 8, 73, 88]": {
            "[:then, 4, 73, 8, 73, 54]": 0,
            "[:else, 5, 73, 8, 73, 88]": 5
          },
          "[:if, 6, 113, 8, 113, 25]": {
            "[:then, 7, 113, 8, 113, 14]": 0,
            "[:else, 8, 113, 8, 113, 25]": 0
          },
          "[:unless, 9, 127, 8, 127, 29]": {
            "[:else, 10, 127, 8, 127, 29]": 0,
            "[:then, 11, 127, 8, 127, 14]": 3
          },
          "[:\"&.\", 12, 132, 11, 132, 34]": {
            "[:then, 13, 132, 11, 132, 34]": 0,
            "[:else, 14, 132, 11, 132, 34]": 0
          },
          "[:if, 15, 132, 8, 135, 11]": {
            "[:then, 16, 133, 10, 134, 56]": 0,
            "[:else, 17, 132, 8, 135, 11]": 0
          },
          "[:if, 18, 134, 10, 134, 56]": {
            "[:then, 19, 134, 10, 134, 30]": 0,
            "[:else, 20, 134, 10, 134, 56]": 0
          },
          "[:while, 21, 169, 8, 191, 11]": {
            "[:body, 22, 170, 10, 190, 13]": 0
          },
          "[:if, 23, 189, 12, 189, 48]": {
            "[:then, 24, 189, 12, 189, 37]": 0,
            "[:else, 25, 189, 12, 189, 48]": 0
          },
          "[:if, 26, 174, 12, 178, 15]": {
            "[:then, 27, 176, 14, 177, 18]": 0,
            "[:else, 28, 174, 12, 178, 15]": 0
          },
          "[:unless, 29, 199, 8, 199, 32]": {
            "[:else, 30, 199, 8, 199, 32]": 0,
            "[:then, 31, 199, 8, 199, 14]": 0
          },
          "[:if, 32, 204, 8, 210, 11]": {
            "[:then, 33, 205, 10, 209, 13]": 0,
            "[:else, 34, 204, 8, 210, 11]": 0
          },
          "[:if, 35, 213, 8, 219, 11]": {
            "[:then, 36, 214, 10, 218, 13]": 0,
            "[:else, 37, 213, 8, 219, 11]": 0
          },
          "[:if, 38, 224, 8, 227, 11]": {
            "[:then, 39, 225, 10, 226, 16]": 0,
            "[:else, 40, 224, 8, 227, 11]": 0
          },
          "[:if, 41, 240, 12, 240, 86]": {
            "[:then, 42, 240, 12, 240, 45]": 0,
            "[:else, 43, 240, 12, 240, 86]": 0
          },
          "[:if, 44, 249, 8, 249, 37]": {
            "[:then, 45, 249, 8, 249, 19]": 0,
            "[:else, 46, 249, 8, 249, 37]": 0
          },
          "[:if, 47, 251, 8, 258, 11]": {
            "[:then, 48, 253, 10, 254, 46]": 0,
            "[:else, 49, 257, 10, 257, 31]": 0
          }
        }
      },
      "/Users/petetaylor/projects/tasker-systems/tasker-core/workers/ruby/lib/tasker_core/bootstrap.rb": {
        "lines": [
          null,
          null,
          1,
          1,
          null,
          null,
          null,
          null,
          null,
          null,
          null,
          null,
          null,
          null,
          null,
          null,
          null,
          null,
          null,
          null,
          null,
          null,
          null,
          null,
          null,
          null,
          null,
          null,
          null,
          null,
          null,
          null,
          null,
          null,
          null,
          null,
          null,
          null,
          null,
          null,
          null,
          null,
          null,
          null,
          null,
          null,
          null,
          null,
          null,
          null,
          null,
          null,
          null,
          null,
          null,
          null,
          null,
          null,
          null,
          null,
          null,
          null,
          null,
          null,
          null,
          null,
          null,
          null,
          null,
          null,
          null,
          null,
          null,
          null,
          null,
          null,
          null,
          null,
          null,
          null,
          null,
          null,
          null,
          null,
          null,
          null,
          null,
          null,
          null,
          null,
          null,
          null,
          null,
          null,
          null,
          null,
          null,
          null,
          null,
          null,
          null,
          null,
          null,
          1,
          1,
          null,
          1,
          null,
          1,
          1,
          1,
          1,
          1,
          null,
          null,
          null,
          1,
          0,
          null,
          null,
          null,
          1,
          1,
          null,
          null,
          1,
          null,
          null,
          1,
          null,
          null,
          1,
          null,
          null,
          1,
          null,
          1,
          1,
          null,
          1,
          null,
          0,
          0,
          0,
          0,
          null,
          null,
          null,
          1,
          6,
          null,
          null,
          null,
          1,
          15,
          4,
          null,
          3,
          null,
          null,
          null,
          1,
          2,
          null,
          1,
          null,
          null,
          null,
          null,
          null,
          null,
          null,
          null,
          null,
          null,
          null,
          null,
          1,
          1,
          null,
          null,
          null,
          1,
          2,
          2,
          null,
          null,
          null,
          1,
          4,
          null,
          3,
          3,
          null,
          null,
          3,
          null,
          3,
          null,
          1,
          null,
          null,
          null,
          null,
          3,
          3,
          3,
          null,
          null,
          3,
          3,
          null,
          null,
          3,
          null,
          3,
          null,
          0,
          null,
          3,
          null,
          null,
          null,
          null,
          3,
          1,
          null,
          0,
          null,
          null,
          3,
          3,
          null,
          null,
          null,
          1,
          2,
          null,
          null,
          null,
          1,
          4,
          null,
          null,
          null,
          2,
          1,
          null,
          null,
          1,
          null,
          null,
          null,
          null,
          1,
          null,
          null,
          1,
          null,
          null,
          null,
          null,
          null,
          null,
          null,
          null,
          null,
          null,
          null,
          null,
          null,
          null,
          null,
          null,
          null,
          1,
          1,
          null,
          null,
          null,
          null,
          null,
          null,
          null,
          1,
          null,
          1,
          null,
          0,
          0,
          null,
          null,
          null,
          1,
          0,
          null,
          null,
          0,
          null,
          null,
          0,
          null,
          null,
          0,
          null,
          0,
          null,
          null,
          1,
          null,
          3,
          0,
          0,
          null,
          null,
          3,
          null,
          null,
          3,
          3,
          null,
          null,
          null,
          3,
          3,
          null,
          3,
          1,
          2,
          2,
          null,
          0,
          null,
          null,
          null,
          3,
          null,
          null,
          3,
          null,
          3,
          3,
          1,
          1,
          null,
          null,
          2,
          2,
          2,
          null,
          null,
          1,
          0,
          null,
          null,
          0,
          null,
          null,
          null,
          null,
          null,
          null,
          null,
          0,
          null,
          null,
          0,
          null,
          0,
          null,
          null,
          1,
          null,
          0,
          0,
          0,
          null,
          null,
          null,
          null,
          0,
          null,
          null,
          1,
          7,
          null,
          7,
          7,
          null,
          0,
          null,
          null,
          null,
          null
        ],
        "branches": {
          "[:unless, 0, 155, 8, 156, 83]": {
            "[:else, 1, 155, 8, 156, 83]": 3,
            "[:then, 2, 155, 8, 155, 20]": 6
          },
          "[:\"&.\", 3, 169, 23, 169, 53]": {
            "[:then, 4, 169, 23, 169, 53]": 1,
            "[:else, 5, 169, 23, 169, 53]": 0
          },
          "[:\"&.\", 6, 169, 57, 169, 86]": {
            "[:then, 7, 169, 57, 169, 86]": 0,
            "[:else, 8, 169, 57, 169, 86]": 0
          },
          "[:\"&.\", 9, 170, 23, 170, 53]": {
            "[:then, 10, 170, 23, 170, 53]": 1,
            "[:else, 11, 170, 23, 170, 53]": 0
          },
          "[:\"&.\", 12, 170, 57, 170, 86]": {
            "[:then, 13, 170, 57, 170, 86]": 0,
            "[:else, 14, 170, 57, 170, 86]": 0
          },
          "[:\"&.\", 15, 173, 31, 173, 56]": {
            "[:then, 16, 173, 31, 173, 56]": 0,
            "[:else, 17, 173, 31, 173, 56]": 1
          },
          "[:unless, 18, 184, 8, 184, 62]": {
            "[:else, 19, 184, 8, 184, 62]": 1,
            "[:then, 20, 184, 8, 184, 34]": 1
          },
          "[:if, 21, 190, 8, 190, 37]": {
            "[:then, 22, 190, 8, 190, 14]": 1,
            "[:else, 23, 190, 8, 190, 37]": 3
          },
          "[:if, 24, 196, 8, 202, 11]": {
            "[:then, 25, 197, 10, 201, 13]": 3,
            "[:else, 26, 196, 8, 202, 11]": 0
          },
          "[:\"&.\", 27, 205, 8, 205, 31]": {
            "[:then, 28, 205, 8, 205, 31]": 3,
            "[:else, 29, 205, 8, 205, 31]": 0
          },
          "[:if, 30, 214, 8, 222, 11]": {
            "[:then, 31, 215, 10, 221, 13]": 3,
            "[:else, 32, 214, 8, 222, 11]": 0
          },
          "[:if, 33, 237, 8, 237, 51]": {
            "[:then, 34, 237, 8, 237, 35]": 2,
            "[:else, 35, 237, 8, 237, 51]": 0
          },
          "[:unless, 36, 242, 8, 242, 88]": {
            "[:else, 37, 242, 8, 242, 88]": 2,
            "[:then, 38, 242, 8, 242, 72]": 2
          },
          "[:\"&.\", 39, 268, 33, 268, 58]": {
            "[:then, 40, 268, 33, 268, 58]": 0,
            "[:else, 41, 268, 33, 268, 58]": 1
          },
          "[:if, 42, 290, 10, 290, 74]": {
            "[:then, 43, 290, 10, 290, 33]": 0,
            "[:else, 44, 290, 10, 290, 74]": 0
          },
          "[:if, 45, 311, 8, 314, 11]": {
            "[:then, 46, 312, 10, 313, 29]": 0,
            "[:else, 47, 311, 8, 314, 11]": 3
          },
          "[:if, 48, 327, 8, 333, 11]": {
            "[:then, 49, 328, 10, 328, 82]": 1,
            "[:else, 50, 329, 8, 333, 11]": 2
          },
          "[:if, 51, 329, 8, 333, 11]": {
            "[:then, 52, 330, 10, 330, 71]": 2,
            "[:else, 53, 332, 10, 332, 56]": 0
          },
          "[:unless, 54, 342, 8, 345, 11]": {
            "[:else, 55, 342, 8, 345, 11]": 2,
            "[:then, 56, 343, 10, 344, 64]": 1
          },
          "[:if, 57, 381, 18, 381, 39]": {
            "[:then, 58, 381, 18, 381, 27]": 0,
            "[:else, 59, 381, 18, 381, 39]": 0
          }
        }
      },
      "/Users/petetaylor/projects/tasker-systems/tasker-core/workers/ruby/lib/tasker_core/version.rb": {
        "lines": [
          null,
          null,
          0,
          null,
          null,
          0,
          0,
          null,
          null,
          0,
          null,
          0,
          0,
          0,
          0,
          0,
          0,
          0
        ],
        "branches": {}
      }
    },
    "timestamp": 1769961843
  }
}
